{"level":"info","ts":1624203944.531832,"caller":"usermvc/main.go:26","msg":"START!"}
{"level":"info","ts":1624203989.7291489,"caller":"middleware/apiLoggerMiddleWare.go:26","msg":"path/usersvc/userparamsmap[email:[mayank] lastname:[d] name:[md]]body","requestID":"11a9b879-ff55-4f4d-b24e-7d0c042c2c3a"}
{"level":"info","ts":1624203990.384904,"caller":"middleware/apiLoggerMiddleWare.go:26","msg":"path/usersvc/userparamsmap[email:[mayank] lastname:[d] name:[md]]body","requestID":"cdda3d5a-ec61-4245-b3e5-a1c0123298e2"}
{"level":"info","ts":1624203990.818305,"caller":"middleware/apiLoggerMiddleWare.go:26","msg":"path/usersvc/userparamsmap[email:[mayank] lastname:[d] name:[md]]body","requestID":"20b360fe-a6f5-43dc-b9a2-2b4105163d81"}
{"level":"info","ts":1624204213.7369049,"caller":"usermvc/main.go:26","msg":"START!"}
{"level":"info","ts":1624204218.236511,"caller":"middleware/apiLoggerMiddleWare.go:27","msg":"request name","requestID":"34706186-0db6-4337-9c77-6da75739c002"}
{"level":"info","ts":1624204220.556801,"caller":"middleware/apiLoggerMiddleWare.go:27","msg":"request name","requestID":"1e571733-5c9a-4e0f-ba79-70a0bef38829"}
{"level":"info","ts":1624204403.6193762,"caller":"usermvc/main.go:26","msg":"START!"}
{"level":"info","ts":1624204408.109003,"caller":"middleware/apiLoggerMiddleWare.go:26","msg":"getting restapipath/usersvc/userparamsmap[email:[mayank] lastname:[d] name:[md]]body{\n    \"mayank\":\"mishras\"\n}","requestID":"2e925e8b-7bc5-4262-819a-bca3bd7fd9a9"}
{"level":"info","ts":1624204408.109059,"caller":"middleware/apiLoggerMiddleWare.go:27","msg":"request name","requestID":"2e925e8b-7bc5-4262-819a-bca3bd7fd9a9"}
{"level":"info","ts":1624204409.6724029,"caller":"middleware/apiLoggerMiddleWare.go:26","msg":"getting restapipath/usersvc/userparamsmap[email:[mayank] lastname:[d] name:[md]]body{\n    \"mayank\":\"mishras\"\n}","requestID":"4d2578fd-20ff-49c0-9190-d7b32cd383fd"}
{"level":"info","ts":1624204409.6724632,"caller":"middleware/apiLoggerMiddleWare.go:27","msg":"request name","requestID":"4d2578fd-20ff-49c0-9190-d7b32cd383fd"}
{"level":"info","ts":1624204431.279967,"caller":"usermvc/main.go:26","msg":"START!"}
{"level":"info","ts":1624204437.177984,"caller":"middleware/apiLoggerMiddleWare.go:26","msg":"getting restapipath/usersvc/userparamsmap[email:[mayank] lastname:[d] name:[md]]body{\n    \"mayank\":\"mishras\"\n}","requestID":"c4b8605a-1910-4c0c-80f7-26c2aa0fc110"}
{"level":"info","ts":1624204437.178024,"caller":"middleware/apiLoggerMiddleWare.go:27","msg":"request name","requestID":"c4b8605a-1910-4c0c-80f7-26c2aa0fc110"}
{"level":"info","ts":1624204441.333568,"caller":"middleware/apiLoggerMiddleWare.go:26","msg":"getting restapipath/usersvc/userparamsmap[email:[mayank] lastname:[d] name:[md]]body{\n    \"mayank\":\"mishras\"\n}","requestID":"6e0acf79-3127-4229-8b9a-962a57fa0d10"}
{"level":"info","ts":1624204441.333612,"caller":"middleware/apiLoggerMiddleWare.go:27","msg":"request name","requestID":"6e0acf79-3127-4229-8b9a-962a57fa0d10"}
{"level":"info","ts":1624204558.28713,"caller":"usermvc/main.go:26","msg":"START!"}
{"level":"info","ts":1624204579.072392,"caller":"middleware/apiLoggerMiddleWare.go:25","msg":"getting api request methodPOST query paramsmap[email:[mayank] lastname:[d] name:[md]]request data{\n    \"mayank\":\"mishras\"\n}","requestID":"00faa301-cadd-4528-99ce-f74ba879b1f8"}
{"level":"info","ts":1624204579.072447,"caller":"middleware/apiLoggerMiddleWare.go:26","msg":"request name","requestID":"00faa301-cadd-4528-99ce-f74ba879b1f8"}
{"level":"info","ts":1624204580.6626718,"caller":"middleware/apiLoggerMiddleWare.go:25","msg":"getting api request methodPOST query paramsmap[email:[mayank] lastname:[d] name:[md]]request data{\n    \"mayank\":\"mishras\"\n}","requestID":"340d79d8-12c4-47dc-a594-dc2f373855d6"}
{"level":"info","ts":1624204580.66272,"caller":"middleware/apiLoggerMiddleWare.go:26","msg":"request name","requestID":"340d79d8-12c4-47dc-a594-dc2f373855d6"}
{"level":"info","ts":1624204891.2149389,"caller":"usermvc/main.go:26","msg":"START!"}
{"level":"info","ts":1624204900.04602,"caller":"middleware/apiLoggerMiddleWare.go:30","msg":"getting api request method POST query params [123 34 101 109 97 105 108 34 58 91 34 109 97 121 97 110 107 34 93 44 34 108 97 115 116 110 97 109 101 34 58 91 34 100 34 93 44 34 110 97 109 101 34 58 91 34 109 100 34 93 125]request data {\n    \"mayank\":\"mishras\"\n}","requestID":"d746af1e-e870-4cde-8495-9530e103d0c0"}
{"level":"info","ts":1624204900.046293,"caller":"middleware/apiLoggerMiddleWare.go:31","msg":"request name","requestID":"d746af1e-e870-4cde-8495-9530e103d0c0"}
{"level":"info","ts":1624204900.9617522,"caller":"middleware/apiLoggerMiddleWare.go:30","msg":"getting api request method POST query params [123 34 101 109 97 105 108 34 58 91 34 109 97 121 97 110 107 34 93 44 34 108 97 115 116 110 97 109 101 34 58 91 34 100 34 93 44 34 110 97 109 101 34 58 91 34 109 100 34 93 125]request data {\n    \"mayank\":\"mishras\"\n}","requestID":"1e706134-c9ed-4de4-828f-321d5484b9ec"}
{"level":"info","ts":1624204900.961804,"caller":"middleware/apiLoggerMiddleWare.go:31","msg":"request name","requestID":"1e706134-c9ed-4de4-828f-321d5484b9ec"}
{"level":"info","ts":1624204901.6474292,"caller":"middleware/apiLoggerMiddleWare.go:30","msg":"getting api request method POST query params [123 34 101 109 97 105 108 34 58 91 34 109 97 121 97 110 107 34 93 44 34 108 97 115 116 110 97 109 101 34 58 91 34 100 34 93 44 34 110 97 109 101 34 58 91 34 109 100 34 93 125]request data {\n    \"mayank\":\"mishras\"\n}","requestID":"8c2f0452-107e-4822-b191-8f2e1b6da3b5"}
{"level":"info","ts":1624204901.647488,"caller":"middleware/apiLoggerMiddleWare.go:31","msg":"request name","requestID":"8c2f0452-107e-4822-b191-8f2e1b6da3b5"}
{"level":"info","ts":1624204938.2311208,"caller":"usermvc/main.go:26","msg":"START!"}
{"level":"info","ts":1624204941.698751,"caller":"middleware/apiLoggerMiddleWare.go:30","msg":"getting api request method POST query params {\"email\":[\"mayank\"],\"lastname\":[\"d\"],\"name\":[\"md\"]}request data {\n    \"mayank\":\"mishras\"\n}","requestID":"e03ab4c0-34e6-4043-91f9-5ddcae1cd031"}
{"level":"info","ts":1624204941.6987982,"caller":"middleware/apiLoggerMiddleWare.go:31","msg":"request name","requestID":"e03ab4c0-34e6-4043-91f9-5ddcae1cd031"}
{"level":"info","ts":1624204943.415444,"caller":"middleware/apiLoggerMiddleWare.go:30","msg":"getting api request method POST query params {\"email\":[\"mayank\"],\"lastname\":[\"d\"],\"name\":[\"md\"]}request data {\n    \"mayank\":\"mishras\"\n}","requestID":"34629600-f5c7-47cf-a276-6fc2e8ec03ef"}
{"level":"info","ts":1624204943.415484,"caller":"middleware/apiLoggerMiddleWare.go:31","msg":"request name","requestID":"34629600-f5c7-47cf-a276-6fc2e8ec03ef"}
{"level":"info","ts":1624204949.82971,"caller":"middleware/apiLoggerMiddleWare.go:30","msg":"getting api request method POST query params {\"email\":[\"mayank\"],\"lastname\":[\"d\"],\"name\":[\"md\"]}request data {\n    \"mayank\":\"mishras\"\n}","requestID":"93c7d9da-fbc4-4a77-8f9f-7647f7495438"}
{"level":"info","ts":1624204949.829758,"caller":"middleware/apiLoggerMiddleWare.go:31","msg":"request name","requestID":"93c7d9da-fbc4-4a77-8f9f-7647f7495438"}
